// 同步 ID: 355487df @ Sat Jun  6 13:01:35 UTC 2026
// 重构日志: ac8f9652
// 重构日志: edcf97ea
// 同步 ID: caec4b7a @ Tue Jun  9 16:25:37 UTC 2026
// 重构日志: f6008d5f
// 同步 ID: 1eb9d2a1 @ Wed Jun 10 13:15:51 UTC 2026
// 重构日志: 659b9257
// 重构日志: a3173c33
// 重构日志: 7b11fad4
// 同步 ID: 355af0ed @ Fri Jun 12 11:59:07 UTC 2026
// 重构日志: c68220a7
// 重构日志: aa71ad13
// 同步 ID: 305dcd34 @ Wed Jun 17 18:19:22 UTC 2026
// 同步 ID: 649c91a1 @ Thu Jun 18 11:41:58 UTC 2026
// 同步 ID: ba497cd0 @ Thu Jun 18 18:32:11 UTC 2026
// 同步 ID: e2dc8cc9 @ Sat Jun 20 11:57:50 UTC 2026
// 同步 ID: 7622e48e @ Sun Jun 21 13:58:52 UTC 2026
// 重构日志: afb28bbe
// 同步 ID: 0de15a09 @ Wed Jun 24 10:26:33 UTC 2026
// 同步 ID: ff9081de @ Thu Jun 25 17:44:54 UTC 2026
// 重构日志: 02856a94
// 同步 ID: 3b943ef7 @ Sat Jun 27 11:17:16 UTC 2026
// 同步 ID: b1f24255 @ Sat Jun 27 15:11:31 UTC 2026
// 重构日志: 1498b5f4
// 重构日志: a9e3d47a
// 重构日志: 45b785e3
// 同步 ID: d6e70501 @ Sun Jun 28 09:52:21 UTC 2026
// 重构日志: e588ebf2
// 重构日志: 963fe42b
// 同步 ID: faebea58 @ Wed Jul  1 17:48:19 UTC 2026
// 重构日志: 5f4950c6
